<?xml version="1.0" encoding="utf-8"?><testsuites name="pytest tests"><testsuite name="pytest" errors="0" failures="0" skipped="0" tests="23" time="13.952" timestamp="2026-08-13T13:34:24.421768+00:00" hostname="agent-env-c3021f41-5bc3-4bb6-970b-20caad6c6bfc"><testcase classname="tests.test_loom_api.TestHealth" name="test_root" time="0.247" /><testcase classname="tests.test_loom_api.TestHealth" name="test_health" time="0.077" /><testcase classname="tests.test_loom_api.TestAuth" name="test_register_invalid_email_domain" time="0.069" /><testcase classname="tests.test_loom_api.TestAuth" name="test_register_duplicate" time="0.364" /><testcase classname="tests.test_loom_api.TestAuth" name="test_login_success" time="0.318" /><testcase classname="tests.test_loom_api.TestAuth" name="test_login_wrong_password" time="0.286" /><testcase classname="tests.test_loom_api.TestAuth" name="test_me_without_token" time="0.076" /><testcase classname="tests.test_loom_api.TestAuth" name="test_me_with_token" time="0.074" /><testcase classname="tests.test_loom_api.TestAuth" name="test_logout" time="0.446" /><testcase classname="tests.test_loom_api.TestDiscoveries" name="test_create_text_discovery" time="3.384" /><testcase classname="tests.test_loom_api.TestDiscoveries" name="test_create_url_discovery" time="2.515" /><testcase classname="tests.test_loom_api.TestDiscoveries" name="test_create_screenshot_discovery" time="2.064" /><testcase classname="tests.test_loom_api.TestDiscoveries" name="test_list_discoveries" time="0.045" /><testcase classname="tests.test_loom_api.TestDiscoveries" name="test_create_discovery_requires_auth" time="0.047" /><testcase classname="tests.test_loom_api.TestLibrary" name="test_save_and_dedupe" time="0.092" /><testcase classname="tests.test_loom_api.TestLibrary" name="test_list_library" time="0.040" /><testcase classname="tests.test_loom_api.TestLibrary" name="test_list_library_filter_media_type" time="0.082" /><testcase classname="tests.test_loom_api.TestLibrary" name="test_patch_library" time="0.084" /><testcase classname="tests.test_loom_api.TestLibrary" name="test_list_library_filter_watch_status" time="0.042" /><testcase classname="tests.test_loom_api.TestLibrary" name="test_delete_library" time="0.133" /><testcase classname="tests.test_loom_api.TestCollections" name="test_create_and_list" time="0.093" /><testcase classname="tests.test_loom_api.TestCollections" name="test_add_remove_items" time="0.097" /><testcase classname="tests.test_loom_api.TestSearch" name="test_semantic_search" time="3.218" /></testsuite></testsuites>