<?xml version="1.0" encoding="utf-8"?><testsuites name="pytest tests"><testsuite name="pytest" errors="0" failures="0" skipped="0" tests="15" time="28.038" timestamp="2026-08-14T12:06:49.920657+00:00" hostname="agent-env-c3021f41-5bc3-4bb6-970b-20caad6c6bfc"><testcase classname="tests.test_iteration_3.TestAuth" name="test_register_rejects_bad_email" time="0.305" /><testcase classname="tests.test_iteration_3.TestAuth" name="test_register_and_login_gmail" time="0.679" /><testcase classname="tests.test_iteration_3.TestAutoSave" name="test_text_autosaves_confident_detections" time="4.585" /><testcase classname="tests.test_iteration_3.TestAutoSave" name="test_noise_does_not_autosave" time="2.968" /><testcase classname="tests.test_iteration_3.TestAutoSave" name="test_url_kind_does_not_500" time="3.869" /><testcase classname="tests.test_iteration_3.TestLibraryFiltersSort" name="test_library_default" time="6.317" /><testcase classname="tests.test_iteration_3.TestLibraryFiltersSort" name="test_filter_media_type" time="0.035" /><testcase classname="tests.test_iteration_3.TestLibraryFiltersSort" name="test_filter_watch_status" time="0.042" /><testcase classname="tests.test_iteration_3.TestLibraryFiltersSort" name="test_sort_alpha" time="0.041" /><testcase classname="tests.test_iteration_3.TestLibraryFiltersSort" name="test_sort_rating_and_release_do_not_500" time="0.070" /><testcase classname="tests.test_iteration_3.TestLibraryFiltersSort" name="test_genres_list_endpoint" time="0.076" /><testcase classname="tests.test_iteration_3.TestCustomListsMultiSelect" name="test_create_collection_prepopulated" time="5.473" /><testcase classname="tests.test_iteration_3.TestCustomListsMultiSelect" name="test_batch_add" time="0.283" /><testcase classname="tests.test_iteration_3.TestCustomListsMultiSelect" name="test_delete_collection" time="0.157" /><testcase classname="tests.test_iteration_3.TestSearch" name="test_search_returns_200" time="3.002" /></testsuite></testsuites>