<?xml version="1.0" encoding="utf-8"?><testsuites name="pytest tests"><testsuite name="pytest" errors="0" failures="0" skipped="0" tests="18" time="12.899" timestamp="2026-09-08T19:42:39.406539+00:00" hostname="agent-env-c3021f41-5bc3-4bb6-970b-20caad6c6bfc"><testcase classname="tests.test_iteration_9.TestAuthRegression" name="test_register_and_me_returns_role" time="0.570" /><testcase classname="tests.test_iteration_9.TestForgotReset" name="test_forgot_unknown_email_returns_ok" time="0.494" /><testcase classname="tests.test_iteration_9.TestForgotReset" name="test_forgot_known_email_returns_ok_and_stores_record" time="1.748" /><testcase classname="tests.test_iteration_9.TestAuthRegression" name="test_login_ok" time="0.728" /><testcase classname="tests.test_iteration_9.TestAuthRegression" name="test_login_bad_password" time="0.679" /><testcase classname="tests.test_iteration_9.TestChangePassword" name="test_wrong_current_rejected" time="0.560" /><testcase classname="tests.test_iteration_9.TestForgotReset" name="test_reset_wrong_code_returns_400" time="2.175" /><testcase classname="tests.test_iteration_9.TestChangePassword" name="test_change_password_success_and_old_pw_fails" time="1.878" /><testcase classname="tests.test_iteration_9.TestChangePassword" name="test_change_password_requires_auth" time="0.082" /><testcase classname="tests.test_iteration_9.TestForgotReset" name="test_reset_too_many_attempts_returns_429" time="1.402" /><testcase classname="tests.test_iteration_9.TestLibrary" name="test_library_filters_and_sort" time="4.610" /><testcase classname="tests.test_iteration_9.TestForgotReset" name="test_reset_expired_returns_400" time="1.002" /><testcase classname="tests.test_iteration_9.TestForgotReset" name="test_reset_happy_path_via_direct_hash_insert" time="1.359" /><testcase classname="tests.test_iteration_9.TestDiscoveries" name="test_text_autosaves" time="3.239" /><testcase classname="tests.test_iteration_9.TestLibrary" name="test_genres_endpoint" time="0.292" /><testcase classname="tests.test_iteration_9.TestDeleteAccount" name="test_delete_account_and_reregister" time="0.663" /><testcase classname="tests.test_iteration_9.TestCollections" name="test_collections_crud" time="0.528" /><testcase classname="tests.test_iteration_9.TestSearch" name="test_search_returns_200" time="0.369" /></testsuite></testsuites>