<?xml version="1.0" encoding="utf-8"?><testsuites name="pytest tests"><testsuite name="pytest" errors="0" failures="0" skipped="0" tests="14" time="26.794" timestamp="2026-09-09T11:09:01.393294+00:00" hostname="agent-env-c3021f41-5bc3-4bb6-970b-20caad6c6bfc"><testcase classname="tests.test_iteration_12.TestEmailVerification" name="test_register_returns_email_verified_false" time="1.063" /><testcase classname="tests.test_iteration_12.TestEmailVerification" name="test_me_exposes_email_verified_false" time="0.076" /><testcase classname="tests.test_iteration_12.TestEmailVerification" name="test_verify_email_bogus_token_returns_html_200" time="0.367" /><testcase classname="tests.test_iteration_12.TestAuthRegression" name="test_login_still_works" time="1.514" /><testcase classname="tests.test_iteration_12.TestEmailVerification" name="test_resend_verification_known_unverified" time="0.328" /><testcase classname="tests.test_iteration_12.TestAuthRegression" name="test_login_wrong_password_401" time="0.283" /><testcase classname="tests.test_iteration_12.TestAuthRegression" name="test_forgot_password_known_ok" time="0.487" /><testcase classname="tests.test_iteration_12.TestEmailVerification" name="test_resend_verification_unknown_email_non_enumerating" time="0.240" /><testcase classname="tests.test_iteration_12.TestAIUsageAndCredits" name="test_ai_usage_shape" time="0.077" /><testcase classname="tests.test_iteration_12.TestAIUsageAndCredits" name="test_ai_discover_costs_2_credits" time="7.305" /><testcase classname="tests.test_iteration_12.TestAuthRegression" name="test_forgot_password_unknown_ok_non_enumerating" time="0.093" /><testcase classname="tests.test_iteration_12.TestAuthRegression" name="test_reset_password_bogus_code_400" time="0.410" /><testcase classname="tests.test_iteration_12.TestAIUsageAndCredits" name="test_discoveries_text_costs_1_credit" time="3.625" /><testcase classname="tests.test_iteration_12.TestAIUsageAndCredits" name="test_402_when_credits_exhausted" time="13.357" /></testsuite></testsuites>