<?xml version="1.0" encoding="utf-8"?><testsuites name="pytest tests"><testsuite name="pytest" errors="0" failures="0" skipped="0" tests="15" time="27.651" timestamp="2026-08-13T14:08:22.744495+00:00" hostname="agent-env-c3021f41-5bc3-4bb6-970b-20caad6c6bfc"><testcase classname="tests.test_iteration_2.TestP1DiscoveryAccuracy" name="test_text_high_confidence_clear_title" time="4.106" /><testcase classname="tests.test_iteration_2.TestP1DiscoveryAccuracy" name="test_text_ambiguous_yields_alternatives" time="15.481" /><testcase classname="tests.test_iteration_2.TestP1DiscoveryAccuracy" name="test_text_no_hallucination_on_noise" time="2.934" /><testcase classname="tests.test_iteration_2.TestP1DiscoveryAccuracy" name="test_url_kind_does_not_500" time="3.478" /><testcase classname="tests.test_iteration_2.TestP2TMDBEnrichment" name="test_library_save_populates_runtime_rating_backdrop" time="0.089" /><testcase classname="tests.test_iteration_2.TestP3LibraryFilterSort" name="test_filter_media_type_movie" time="0.433" /><testcase classname="tests.test_iteration_2.TestP3LibraryFilterSort" name="test_filter_media_type_tv" time="0.042" /><testcase classname="tests.test_iteration_2.TestP3LibraryFilterSort" name="test_filter_watch_status_watched" time="0.044" /><testcase classname="tests.test_iteration_2.TestP3LibraryFilterSort" name="test_filter_genre_horror" time="0.051" /><testcase classname="tests.test_iteration_2.TestP3LibraryFilterSort" name="test_sort_alpha" time="0.039" /><testcase classname="tests.test_iteration_2.TestP3LibraryFilterSort" name="test_sort_rating_desc" time="0.038" /><testcase classname="tests.test_iteration_2.TestP3LibraryFilterSort" name="test_sort_release_desc" time="0.039" /><testcase classname="tests.test_iteration_2.TestP3LibraryFilterSort" name="test_genres_list" time="0.038" /><testcase classname="tests.test_iteration_2.TestP4Collections" name="test_multi_list_membership_flow" time="0.710" /><testcase classname="tests.test_iteration_2.TestP4Collections" name="test_add_item_to_missing_collection_returns_404" time="0.043" /></testsuite></testsuites>