<?xml version="1.0" encoding="utf-8"?><testsuites name="pytest tests"><testsuite name="pytest" errors="0" failures="0" skipped="0" tests="14" time="48.628" timestamp="2026-09-08T23:23:11.825247+00:00" hostname="agent-env-c3021f41-5bc3-4bb6-970b-20caad6c6bfc"><testcase classname="tests.test_iteration_10.TestAuthRegression" name="test_login_success" time="0.637" /><testcase classname="tests.test_iteration_10.TestAuthRegression" name="test_me" time="0.071" /><testcase classname="tests.test_iteration_10.TestAuthRegression" name="test_me_unauth" time="0.080" /><testcase classname="tests.test_iteration_10.TestAiDiscover" name="test_empty_query_400" time="0.074" /><testcase classname="tests.test_iteration_10.TestAiDiscover" name="test_empty_whitespace_400" time="0.072" /><testcase classname="tests.test_iteration_10.TestAiDiscover" name="test_unauth" time="0.064" /><testcase classname="tests.test_iteration_10.TestAiDiscover" name="test_identify_train_clue" time="7.201" /><testcase classname="tests.test_iteration_10.TestAiDiscover" name="test_recommend_english" time="7.366" /><testcase classname="tests.test_iteration_10.TestAiDiscover" name="test_recommend_turkish_titles_untranslated" time="8.982" /><testcase classname="tests.test_iteration_10.TestAiDiscover" name="test_results_not_autosaved_and_not_library_scoped" time="6.253" /><testcase classname="tests.test_iteration_10.TestAiDiscover" name="test_save_then_requery_marks_saved" time="11.088" /><testcase classname="tests.test_iteration_10.TestRegression" name="test_discovery_text_autosave" time="3.031" /><testcase classname="tests.test_iteration_10.TestRegression" name="test_library_filters_and_sort" time="0.423" /><testcase classname="tests.test_iteration_10.TestRegression" name="test_search" time="3.217" /></testsuite></testsuites>