<?xml version="1.0" encoding="utf-8"?><testsuites name="pytest tests"><testsuite name="pytest" errors="0" failures="0" skipped="0" tests="12" time="11.838" timestamp="2026-08-15T22:50:56.198499+00:00" hostname="agent-env-c3021f41-5bc3-4bb6-970b-20caad6c6bfc"><testcase classname="tests.test_iteration_7.TestAuthRegression" name="test_register_gmail" time="0.605" /><testcase classname="tests.test_iteration_7.TestLibraryFilters" name="test_library_default_200" time="0.863" /><testcase classname="tests.test_iteration_7.TestAuthRegression" name="test_login_gmail" time="0.590" /><testcase classname="tests.test_iteration_7.TestLibraryFilters" name="test_library_filter_media_type" time="0.036" /><testcase classname="tests.test_iteration_7.TestLibraryFilters" name="test_library_filter_watch_status" time="0.296" /><testcase classname="tests.test_iteration_7.TestAuthRegression" name="test_login_wrong_password" time="0.589" /><testcase classname="tests.test_iteration_7.TestLibraryFilters" name="test_library_sort_alpha" time="0.297" /><testcase classname="tests.test_iteration_7.TestTextAndTmdb" name="test_text_autosaves_and_enriches" time="3.407" /><testcase classname="tests.test_iteration_7.TestHttpxUrlPath" name="test_url_kind_youtube_returns_200" time="5.339" /><testcase classname="tests.test_iteration_7.TestTextAndTmdb" name="test_tmdb_enrichment_visible" time="0.000" /><testcase classname="tests.test_iteration_7.TestSearch" name="test_search_returns_200" time="2.432" /><testcase classname="tests.test_iteration_7.TestHttpxUrlPath" name="test_url_kind_tiktok_returns_200" time="4.380" /></testsuite></testsuites>